<?xml version="1.0" encoding="UTF-8"?>
<testsuite xmlns:xsi="http://www.w3.org/2001/XMLSchema-instance" xsi:noNamespaceSchemaLocation="https://maven.apache.org/surefire/maven-surefire-plugin/xsd/surefire-test-report-3.0.xsd" version="3.0" name="com.mambu.coding.BoardTest" time="0.056" tests="8" errors="0" skipped="0" failures="0">
  <properties>
[...]
</properties>
  <testcase name="testPositionEqualsAndHashcode" classname="com.mambu.coding.BoardTest" time="0.026"/>
  <testcase name="testCaptureMove" classname="com.mambu.coding.BoardTest" time="0.001"/>
  <testcase name="testPromotionToKing" classname="com.mambu.coding.BoardTest" time="0"/>
  <testcase name="testValidMoveSimple" classname="com.mambu.coding.BoardTest" time="0"/>
  <testcase name="testUndoMove" classname="com.mambu.coding.BoardTest" time="0.001"/>
  <testcase name="testInvalidMoveWrongDirectionForMan" classname="com.mambu.coding.BoardTest" time="0.001"/>
  <testcase name="testInitialSetup" classname="com.mambu.coding.BoardTest" time="0.001"/>
  <testcase name="testAllValidMoves" classname="com.mambu.coding.BoardTest" time="0.001"/>
</testsuite>